0 info it worked if it ends with ok
1 verbose cli [ '/usr/bin/node', '/usr/bin/npm', 'run', 'build' ]
2 info using npm@1.4.14
3 info using node@v0.10.29
4 verbose node symlink /usr/bin/node
5 verbose run-script [ 'prebuild', 'build', 'postbuild' ]
6 info prebuild todos@0.0.0
7 info build todos@0.0.0
8 verbose unsafe-perm in lifecycle true
9 info todos@0.0.0 Failed to exec build script
10 error todos@0.0.0 build: `browserify src/main.js -t reactify  | uglifyjs -mc warnings=false > build/bundle.js`
10 error Exit status 127
11 error Failed at the todos@0.0.0 build script.
11 error This is most likely a problem with the todos package,
11 error not with npm itself.
11 error Tell the author that this fails on your system:
11 error     browserify src/main.js -t reactify  | uglifyjs -mc warnings=false > build/bundle.js
11 error You can get their info via:
11 error     npm owner ls todos
11 error There is likely additional logging output above.
12 error System Linux 3.13.0-62-generic
13 error command "/usr/bin/node" "/usr/bin/npm" "run" "build"
14 error cwd /home/chapal/www/education/reactjs/todos
15 error node -v v0.10.29
16 error npm -v 1.4.14
17 error code ELIFECYCLE
18 verbose exit [ 1, true ]
